<?xml version="1.0" encoding="UTF-8"?>
<!-- Generated by org.testng.reporters.JUnitReportReporter -->
<testsuite skipped="0" hostname="Muneendra" name="com.test.Automation.Naukri.testCase.UpdateResume" tests="1" failures="0" timestamp="04 Oct 2017 17:04:06 GMT" time="10.401" errors="0">
  <testcase name="verifyLoginWithInvalidCredintials" time="10.401" classname="com.test.Automation.Naukri.testCase.UpdateResume"/>
</testsuite> <!-- com.test.Automation.Naukri.testCase.UpdateResume -->
